[0.008s] Invoking command in '/src/usb_cam/build/usb_cam': CMAKE_PREFIX_PATH=${CMAKE_PREFIX_PATH}:/opt/ros/humble /usr/bin/cmake /src/usb_cam -DCMAKE_INSTALL_PREFIX=/src/usb_cam/install/usb_cam
[0.077s] -- The C compiler identification is GNU 11.4.0
[0.135s] -- The CXX compiler identification is GNU 11.4.0
[0.144s] -- Detecting C compiler ABI info
[0.225s] -- Detecting C compiler ABI info - done
[0.233s] -- Check for working C compiler: /usr/bin/cc - skipped
[0.233s] -- Detecting C compile features
[0.234s] -- Detecting C compile features - done
[0.237s] -- Detecting CXX compiler ABI info
[0.320s] -- Detecting CXX compiler ABI info - done
[0.330s] -- Check for working CXX compiler: /usr/bin/c++ - skipped
[0.330s] -- Detecting CXX compile features
[0.330s] -- Detecting CXX compile features - done
[0.333s] -- Found ament_cmake_auto: 1.3.9 (/opt/ros/humble/share/ament_cmake_auto/cmake)
[0.769s] -- Found Python3: /usr/bin/python3 (found version "3.10.12") found components: Interpreter 
[1.008s] -- Found rosidl_generator_c: 3.1.5 (/opt/ros/humble/share/rosidl_generator_c/cmake)
[1.012s] -- Found rosidl_adapter: 3.1.5 (/opt/ros/humble/share/rosidl_adapter/cmake)
[1.020s] -- Found rosidl_generator_cpp: 3.1.5 (/opt/ros/humble/share/rosidl_generator_cpp/cmake)
[1.038s] -- Using all available rosidl_typesupport_c: rosidl_typesupport_fastrtps_c;rosidl_typesupport_introspection_c
[1.055s] -- Using all available rosidl_typesupport_cpp: rosidl_typesupport_fastrtps_cpp;rosidl_typesupport_introspection_cpp
[1.131s] -- Found rmw_implementation_cmake: 6.1.2 (/opt/ros/humble/share/rmw_implementation_cmake/cmake)
[1.135s] -- Found rmw_cyclonedds_cpp: 1.3.4 (/opt/ros/humble/share/rmw_cyclonedds_cpp/cmake)
[1.169s] -- Using RMW implementation 'rmw_cyclonedds_cpp' as default
[1.178s] -- Looking for pthread.h
[1.274s] -- Looking for pthread.h - found
[1.274s] -- Performing Test CMAKE_HAVE_LIBC_PTHREAD
[1.355s] -- Performing Test CMAKE_HAVE_LIBC_PTHREAD - Success
[1.356s] -- Found Threads: TRUE  
[1.925s] -- Found OpenCV: /usr (found version "4.5.4") 
[1.931s] -- Found PkgConfig: /usr/bin/pkg-config (found version "0.29.2") 
[1.932s] -- Checking for module 'libavcodec'
[1.946s] --   Found libavcodec, version 58.134.100
[1.990s] -- Checking for module 'libavutil'
[2.003s] --   Found libavutil, version 56.70.100
[2.041s] -- Checking for module 'libswscale'
[2.052s] --   Found libswscale, version 5.9.100
[2.093s] -- Found ament_lint_auto: 0.12.11 (/opt/ros/humble/share/ament_lint_auto/cmake)
[2.110s] -- Found gtest sources under '/opt/ros/humble/src/gtest_vendor': C++ tests using 'Google Test' will be built
[2.120s] -- Added test 'copyright' to check source files copyright and LICENSE
[2.127s] -- Added test 'cppcheck' to perform static code analysis on C / C++ code
[2.128s] -- Configured cppcheck include dirs: /src/usb_cam/include
[2.128s] -- Configured cppcheck exclude dirs and/or files: 
[2.133s] -- Added test 'cpplint' to check C / C++ code against the Google style
[2.133s] -- Configured cpplint exclude dirs and/or files: 
[2.135s] -- Added test 'flake8' to check Python code syntax and style conventions
[2.136s] -- Added test 'lint_cmake' to check CMake code style
[2.138s] -- Added test 'pep257' to check Python code against some of the docstring style conventions in PEP 257
[2.144s] -- Added test 'uncrustify' to check C / C++ code style
[2.144s] -- Configured uncrustify additional arguments: 
[2.146s] -- Added test 'xmllint' to check XML markup files
[2.149s] -- Configuring done
[2.184s] -- Generating done
[2.187s] -- Build files have been written to: /src/usb_cam/build/usb_cam
[2.203s] Invoked command in '/src/usb_cam/build/usb_cam' returned '0': CMAKE_PREFIX_PATH=${CMAKE_PREFIX_PATH}:/opt/ros/humble /usr/bin/cmake /src/usb_cam -DCMAKE_INSTALL_PREFIX=/src/usb_cam/install/usb_cam
[2.205s] Invoking command in '/src/usb_cam/build/usb_cam': CMAKE_PREFIX_PATH=${CMAKE_PREFIX_PATH}:/opt/ros/humble /usr/bin/cmake --build /src/usb_cam/build/usb_cam -- -j24 -l24
[2.265s] [  7%] [32mBuilding CXX object gtest/CMakeFiles/gtest_main.dir/src/gtest_main.cc.o[0m
[2.267s] [ 28%] [32mBuilding CXX object CMakeFiles/usb_cam.dir/src/usb_cam.cpp.o[0m
[2.268s] [ 28%] [32mBuilding CXX object gtest/CMakeFiles/gtest.dir/src/gtest-all.cc.o[0m
[2.268s] [ 28%] [32mBuilding CXX object CMakeFiles/usb_cam_node_exe.dir/rclcpp_components/node_main_usb_cam_node_exe.cpp.o[0m
[3.536s] [ 35%] [32m[1mLinking CXX static library libgtest_main.a[0m
[3.652s] [ 35%] Built target gtest_main
[4.900s] [ 42%] [32m[1mLinking CXX shared library libusb_cam.so[0m
[5.279s] [ 42%] Built target usb_cam
[5.309s] [ 50%] [32mBuilding CXX object CMakeFiles/usb_cam_node.dir/src/usb_cam_node.cpp.o[0m
[6.736s] [ 57%] [32m[1mLinking CXX static library libgtest.a[0m
[6.857s] [ 57%] Built target gtest
[6.888s] [ 64%] [32mBuilding CXX object CMakeFiles/test_pixel_formats.dir/test/test_pixel_formats.cpp.o[0m
[6.889s] [ 71%] [32mBuilding CXX object CMakeFiles/test_usb_cam_utils.dir/test/test_usb_cam_utils.cpp.o[0m
[7.490s] [ 78%] [32m[1mLinking CXX executable usb_cam_node_exe[0m
[7.873s] [ 78%] Built target usb_cam_node_exe
[8.774s] [ 85%] [32m[1mLinking CXX executable test_usb_cam_utils[0m
[9.210s] [ 85%] Built target test_usb_cam_utils
[9.271s] [ 92%] [32m[1mLinking CXX executable test_pixel_formats[0m
[9.624s] [ 92%] Built target test_pixel_formats
[15.660s] [100%] [32m[1mLinking CXX shared library libusb_cam_node.so[0m
[16.205s] [100%] Built target usb_cam_node
[16.228s] Invoked command in '/src/usb_cam/build/usb_cam' returned '0': CMAKE_PREFIX_PATH=${CMAKE_PREFIX_PATH}:/opt/ros/humble /usr/bin/cmake --build /src/usb_cam/build/usb_cam -- -j24 -l24
[16.278s] Invoking command in '/src/usb_cam/build/usb_cam': CMAKE_PREFIX_PATH=${CMAKE_PREFIX_PATH}:/opt/ros/humble /usr/bin/cmake --install /src/usb_cam/build/usb_cam
[16.287s] -- Install configuration: ""
[16.287s] -- Installing: /src/usb_cam/install/usb_cam/share/usb_cam/environment/library_path.sh
[16.287s] -- Installing: /src/usb_cam/install/usb_cam/share/usb_cam/environment/library_path.dsv
[16.287s] -- Installing: /src/usb_cam/install/usb_cam/lib/usb_cam/usb_cam_node_exe
[16.288s] -- Set runtime path of "/src/usb_cam/install/usb_cam/lib/usb_cam/usb_cam_node_exe" to ""
[16.288s] -- Installing: /src/usb_cam/install/usb_cam/lib/usb_cam/show_image.py
[16.288s] -- Installing: /src/usb_cam/install/usb_cam/lib/libusb_cam.so
[16.289s] -- Installing: /src/usb_cam/install/usb_cam/lib/libusb_cam_node.so
[16.293s] -- Set runtime path of "/src/usb_cam/install/usb_cam/lib/libusb_cam_node.so" to ""
[16.293s] -- Installing: /src/usb_cam/install/usb_cam/include
[16.293s] -- Installing: /src/usb_cam/install/usb_cam/include/usb_cam
[16.293s] -- Installing: /src/usb_cam/install/usb_cam/include/usb_cam/conversions.hpp
[16.293s] -- Installing: /src/usb_cam/install/usb_cam/include/usb_cam/usb_cam_node.hpp
[16.293s] -- Installing: /src/usb_cam/install/usb_cam/include/usb_cam/constants.hpp
[16.293s] -- Installing: /src/usb_cam/install/usb_cam/include/usb_cam/formats
[16.293s] -- Installing: /src/usb_cam/install/usb_cam/include/usb_cam/formats/pixel_format_base.hpp
[16.293s] -- Installing: /src/usb_cam/install/usb_cam/include/usb_cam/formats/mono.hpp
[16.293s] -- Installing: /src/usb_cam/install/usb_cam/include/usb_cam/formats/rgb.hpp
[16.294s] -- Installing: /src/usb_cam/install/usb_cam/include/usb_cam/formats/uyvy.hpp
[16.294s] -- Installing: /src/usb_cam/install/usb_cam/include/usb_cam/formats/yuyv.hpp
[16.294s] -- Installing: /src/usb_cam/install/usb_cam/include/usb_cam/formats/m420.hpp
[16.294s] -- Installing: /src/usb_cam/install/usb_cam/include/usb_cam/formats/mjpeg.hpp
[16.294s] -- Installing: /src/usb_cam/install/usb_cam/include/usb_cam/formats/av_pixel_format_helper.hpp
[16.294s] -- Installing: /src/usb_cam/install/usb_cam/include/usb_cam/formats/utils.hpp
[16.294s] -- Installing: /src/usb_cam/install/usb_cam/include/usb_cam/usb_cam.hpp
[16.294s] -- Installing: /src/usb_cam/install/usb_cam/include/usb_cam/utils.hpp
[16.294s] -- Up-to-date: /src/usb_cam/install/usb_cam/lib/libusb_cam_node.so
[16.294s] -- Installing: /src/usb_cam/install/usb_cam/share/usb_cam/launch
[16.294s] -- Installing: /src/usb_cam/install/usb_cam/share/usb_cam/launch/camera_config.py
[16.294s] -- Installing: /src/usb_cam/install/usb_cam/share/usb_cam/launch/camera.launch.py
[16.295s] -- Installing: /src/usb_cam/install/usb_cam/share/usb_cam/launch/__init__.py
[16.295s] -- Installing: /src/usb_cam/install/usb_cam/share/usb_cam/config
[16.295s] -- Installing: /src/usb_cam/install/usb_cam/share/usb_cam/config/camera_info.yaml
[16.295s] -- Installing: /src/usb_cam/install/usb_cam/share/usb_cam/config/params_2.yaml
[16.295s] -- Installing: /src/usb_cam/install/usb_cam/share/usb_cam/config/params_1.yaml
[16.295s] -- Installing: /src/usb_cam/install/usb_cam/share/ament_index/resource_index/package_run_dependencies/usb_cam
[16.295s] -- Installing: /src/usb_cam/install/usb_cam/share/ament_index/resource_index/parent_prefix_path/usb_cam
[16.295s] -- Installing: /src/usb_cam/install/usb_cam/share/usb_cam/environment/ament_prefix_path.sh
[16.295s] -- Installing: /src/usb_cam/install/usb_cam/share/usb_cam/environment/ament_prefix_path.dsv
[16.295s] -- Installing: /src/usb_cam/install/usb_cam/share/usb_cam/environment/path.sh
[16.296s] -- Installing: /src/usb_cam/install/usb_cam/share/usb_cam/environment/path.dsv
[16.296s] -- Installing: /src/usb_cam/install/usb_cam/share/usb_cam/local_setup.bash
[16.296s] -- Installing: /src/usb_cam/install/usb_cam/share/usb_cam/local_setup.sh
[16.296s] -- Installing: /src/usb_cam/install/usb_cam/share/usb_cam/local_setup.zsh
[16.296s] -- Installing: /src/usb_cam/install/usb_cam/share/usb_cam/local_setup.dsv
[16.296s] -- Installing: /src/usb_cam/install/usb_cam/share/usb_cam/package.dsv
[16.297s] -- Installing: /src/usb_cam/install/usb_cam/share/ament_index/resource_index/packages/usb_cam
[16.297s] -- Installing: /src/usb_cam/install/usb_cam/share/ament_index/resource_index/rclcpp_components/usb_cam
[16.297s] -- Installing: /src/usb_cam/install/usb_cam/share/usb_cam/cmake/ament_cmake_export_libraries-extras.cmake
[16.297s] -- Installing: /src/usb_cam/install/usb_cam/share/usb_cam/cmake/ament_cmake_export_dependencies-extras.cmake
[16.297s] -- Installing: /src/usb_cam/install/usb_cam/share/usb_cam/cmake/ament_cmake_export_include_directories-extras.cmake
[16.297s] -- Installing: /src/usb_cam/install/usb_cam/share/usb_cam/cmake/usb_camConfig.cmake
[16.297s] -- Installing: /src/usb_cam/install/usb_cam/share/usb_cam/cmake/usb_camConfig-version.cmake
[16.297s] -- Installing: /src/usb_cam/install/usb_cam/share/usb_cam/package.xml
[16.299s] Invoked command in '/src/usb_cam/build/usb_cam' returned '0': CMAKE_PREFIX_PATH=${CMAKE_PREFIX_PATH}:/opt/ros/humble /usr/bin/cmake --install /src/usb_cam/build/usb_cam
