[0.112s] DEBUG:colcon:Command line arguments: ['/usr/bin/colcon', 'build']
[0.112s] DEBUG:colcon:Parsed command line arguments: Namespace(log_base=None, log_level=None, verb_name='build', build_base='build', install_base='install', merge_install=False, symlink_install=False, test_result_base=None, continue_on_error=False, executor='parallel', parallel_workers=24, event_handlers=None, ignore_user_meta=False, metas=['./colcon.meta'], base_paths=['.'], packages_ignore=None, packages_ignore_regex=None, paths=None, packages_up_to=None, packages_up_to_regex=None, packages_above=None, packages_above_and_dependencies=None, packages_above_depth=None, packages_select_by_dep=None, packages_skip_by_dep=None, packages_skip_up_to=None, packages_select_build_failed=False, packages_skip_build_finished=False, packages_select_test_failures=False, packages_skip_test_passed=False, packages_select=None, packages_skip=None, packages_select_regex=None, packages_skip_regex=None, packages_start=None, packages_end=None, cmake_args=None, cmake_target=None, cmake_target_skip_unavailable=False, cmake_clean_cache=False, cmake_clean_first=False, cmake_force_configure=False, ament_cmake_args=None, catkin_cmake_args=None, catkin_skip_building_tests=False, mixin_files=None, mixin=None, verb_parser=<colcon_mixin.mixin.mixin_argument.MixinArgumentDecorator object at 0x70b2e69c95a0>, verb_extension=<colcon_core.verb.build.BuildVerb object at 0x70b2e69c90c0>, main=<bound method BuildVerb.main of <colcon_core.verb.build.BuildVerb object at 0x70b2e69c90c0>>, mixin_verb=('build',))
[0.164s] Level 1:colcon.colcon_core.package_discovery:discover_packages(colcon_meta) check parameters
[0.165s] Level 1:colcon.colcon_core.package_discovery:discover_packages(recursive) check parameters
[0.165s] Level 1:colcon.colcon_core.package_discovery:discover_packages(ignore) check parameters
[0.165s] Level 1:colcon.colcon_core.package_discovery:discover_packages(path) check parameters
[0.165s] Level 1:colcon.colcon_core.package_discovery:discover_packages(colcon_meta) discover
[0.165s] Level 1:colcon.colcon_core.package_discovery:discover_packages(recursive) discover
[0.165s] INFO:colcon.colcon_core.package_discovery:Crawling recursively for packages in '/src/usb_cam'
[0.165s] Level 1:colcon.colcon_core.package_identification:_identify(.) by extensions ['ignore', 'ignore_ament_install']
[0.165s] Level 1:colcon.colcon_core.package_identification:_identify(.) by extension 'ignore'
[0.165s] Level 1:colcon.colcon_core.package_identification:_identify(.) by extension 'ignore_ament_install'
[0.165s] Level 1:colcon.colcon_core.package_identification:_identify(.) by extensions ['colcon_pkg']
[0.165s] Level 1:colcon.colcon_core.package_identification:_identify(.) by extension 'colcon_pkg'
[0.165s] Level 1:colcon.colcon_core.package_identification:_identify(.) by extensions ['colcon_meta']
[0.165s] Level 1:colcon.colcon_core.package_identification:_identify(.) by extension 'colcon_meta'
[0.165s] Level 1:colcon.colcon_core.package_identification:_identify(.) by extensions ['ros']
[0.165s] Level 1:colcon.colcon_core.package_identification:_identify(.) by extension 'ros'
[0.187s] DEBUG:colcon.colcon_core.package_identification:Package '.' with type 'ros.ament_cmake' and name 'usb_cam'
[0.187s] Level 1:colcon.colcon_core.package_discovery:discover_packages(recursive) using defaults
[0.187s] Level 1:colcon.colcon_core.package_discovery:discover_packages(ignore) discover
[0.187s] Level 1:colcon.colcon_core.package_discovery:discover_packages(ignore) using defaults
[0.187s] Level 1:colcon.colcon_core.package_discovery:discover_packages(path) discover
[0.187s] Level 1:colcon.colcon_core.package_discovery:discover_packages(path) using defaults
[0.208s] Level 5:colcon.colcon_core.verb:set package 'usb_cam' build argument 'cmake_args' from command line to 'None'
[0.208s] Level 5:colcon.colcon_core.verb:set package 'usb_cam' build argument 'cmake_target' from command line to 'None'
[0.209s] Level 5:colcon.colcon_core.verb:set package 'usb_cam' build argument 'cmake_target_skip_unavailable' from command line to 'False'
[0.209s] Level 5:colcon.colcon_core.verb:set package 'usb_cam' build argument 'cmake_clean_cache' from command line to 'False'
[0.209s] Level 5:colcon.colcon_core.verb:set package 'usb_cam' build argument 'cmake_clean_first' from command line to 'False'
[0.209s] Level 5:colcon.colcon_core.verb:set package 'usb_cam' build argument 'cmake_force_configure' from command line to 'False'
[0.209s] Level 5:colcon.colcon_core.verb:set package 'usb_cam' build argument 'ament_cmake_args' from command line to 'None'
[0.209s] Level 5:colcon.colcon_core.verb:set package 'usb_cam' build argument 'catkin_cmake_args' from command line to 'None'
[0.209s] Level 5:colcon.colcon_core.verb:set package 'usb_cam' build argument 'catkin_skip_building_tests' from command line to 'False'
[0.209s] DEBUG:colcon.colcon_core.verb:Building package 'usb_cam' with the following arguments: {'ament_cmake_args': None, 'build_base': '/src/usb_cam/build/usb_cam', 'catkin_cmake_args': None, 'catkin_skip_building_tests': False, 'cmake_args': None, 'cmake_clean_cache': False, 'cmake_clean_first': False, 'cmake_force_configure': False, 'cmake_target': None, 'cmake_target_skip_unavailable': False, 'install_base': '/src/usb_cam/install/usb_cam', 'merge_install': False, 'path': '/src/usb_cam', 'symlink_install': False, 'test_result_base': None}
[0.209s] INFO:colcon.colcon_core.executor:Executing jobs using 'parallel' executor
[0.210s] DEBUG:colcon.colcon_parallel_executor.executor.parallel:run_until_complete
[0.210s] INFO:colcon.colcon_ros.task.ament_cmake.build:Building ROS package in '/src/usb_cam' with build type 'ament_cmake'
[0.210s] INFO:colcon.colcon_cmake.task.cmake.build:Building CMake package in '/src/usb_cam'
[0.212s] INFO:colcon.colcon_core.plugin_system:Skipping extension 'colcon_core.shell.bat': Not used on non-Windows systems
[0.212s] INFO:colcon.colcon_core.shell:Skip shell extension 'powershell' for command environment: Not usable outside of PowerShell
[0.212s] DEBUG:colcon.colcon_core.shell:Skip shell extension 'dsv' for command environment
[0.218s] DEBUG:colcon.colcon_core.event_handler.log_command:Invoking command in '/src/usb_cam/build/usb_cam': CMAKE_PREFIX_PATH=${CMAKE_PREFIX_PATH}:/opt/ros/humble /usr/bin/cmake /src/usb_cam -DCMAKE_INSTALL_PREFIX=/src/usb_cam/install/usb_cam
[2.414s] DEBUG:colcon.colcon_core.event_handler.log_command:Invoked command in '/src/usb_cam/build/usb_cam' returned '0': CMAKE_PREFIX_PATH=${CMAKE_PREFIX_PATH}:/opt/ros/humble /usr/bin/cmake /src/usb_cam -DCMAKE_INSTALL_PREFIX=/src/usb_cam/install/usb_cam
[2.415s] DEBUG:colcon.colcon_core.event_handler.log_command:Invoking command in '/src/usb_cam/build/usb_cam': CMAKE_PREFIX_PATH=${CMAKE_PREFIX_PATH}:/opt/ros/humble /usr/bin/cmake --build /src/usb_cam/build/usb_cam -- -j24 -l24
[16.439s] DEBUG:colcon.colcon_core.event_handler.log_command:Invoked command in '/src/usb_cam/build/usb_cam' returned '0': CMAKE_PREFIX_PATH=${CMAKE_PREFIX_PATH}:/opt/ros/humble /usr/bin/cmake --build /src/usb_cam/build/usb_cam -- -j24 -l24
[16.489s] DEBUG:colcon.colcon_core.event_handler.log_command:Invoking command in '/src/usb_cam/build/usb_cam': CMAKE_PREFIX_PATH=${CMAKE_PREFIX_PATH}:/opt/ros/humble /usr/bin/cmake --install /src/usb_cam/build/usb_cam
[16.509s] Level 1:colcon.colcon_core.environment:create_environment_scripts_only(usb_cam)
[16.510s] DEBUG:colcon.colcon_core.event_handler.log_command:Invoked command in '/src/usb_cam/build/usb_cam' returned '0': CMAKE_PREFIX_PATH=${CMAKE_PREFIX_PATH}:/opt/ros/humble /usr/bin/cmake --install /src/usb_cam/build/usb_cam
[16.512s] Level 1:colcon.colcon_core.environment:checking '/src/usb_cam/install/usb_cam' for CMake module files
[16.512s] Level 1:colcon.colcon_core.environment:checking '/src/usb_cam/install/usb_cam' for CMake config files
[16.512s] Level 1:colcon.colcon_core.shell:create_environment_hook('usb_cam', 'cmake_prefix_path')
[16.513s] INFO:colcon.colcon_core.shell:Creating environment hook '/src/usb_cam/install/usb_cam/share/usb_cam/hook/cmake_prefix_path.ps1'
[16.514s] INFO:colcon.colcon_core.shell:Creating environment descriptor '/src/usb_cam/install/usb_cam/share/usb_cam/hook/cmake_prefix_path.dsv'
[16.514s] INFO:colcon.colcon_core.shell:Creating environment hook '/src/usb_cam/install/usb_cam/share/usb_cam/hook/cmake_prefix_path.sh'
[16.515s] Level 1:colcon.colcon_core.environment:checking '/src/usb_cam/install/usb_cam/lib'
[16.515s] Level 1:colcon.colcon_core.shell:create_environment_hook('usb_cam', 'ld_library_path_lib')
[16.515s] INFO:colcon.colcon_core.shell:Creating environment hook '/src/usb_cam/install/usb_cam/share/usb_cam/hook/ld_library_path_lib.ps1'
[16.515s] INFO:colcon.colcon_core.shell:Creating environment descriptor '/src/usb_cam/install/usb_cam/share/usb_cam/hook/ld_library_path_lib.dsv'
[16.516s] INFO:colcon.colcon_core.shell:Creating environment hook '/src/usb_cam/install/usb_cam/share/usb_cam/hook/ld_library_path_lib.sh'
[16.516s] Level 1:colcon.colcon_core.environment:checking '/src/usb_cam/install/usb_cam/bin'
[16.516s] Level 1:colcon.colcon_core.environment:checking '/src/usb_cam/install/usb_cam/lib/pkgconfig/usb_cam.pc'
[16.518s] Level 1:colcon.colcon_core.environment:checking '/src/usb_cam/install/usb_cam/lib/python3.10/site-packages'
[16.518s] Level 1:colcon.colcon_core.environment:checking '/src/usb_cam/install/usb_cam/bin'
[16.518s] INFO:colcon.colcon_core.shell:Creating package script '/src/usb_cam/install/usb_cam/share/usb_cam/package.ps1'
[16.519s] INFO:colcon.colcon_core.shell:Creating package descriptor '/src/usb_cam/install/usb_cam/share/usb_cam/package.dsv'
[16.519s] INFO:colcon.colcon_core.shell:Creating package script '/src/usb_cam/install/usb_cam/share/usb_cam/package.sh'
[16.520s] INFO:colcon.colcon_core.shell:Creating package script '/src/usb_cam/install/usb_cam/share/usb_cam/package.bash'
[16.520s] INFO:colcon.colcon_core.shell:Creating package script '/src/usb_cam/install/usb_cam/share/usb_cam/package.zsh'
[16.521s] Level 1:colcon.colcon_core.environment:create_file_with_runtime_dependencies(/src/usb_cam/install/usb_cam/share/colcon-core/packages/usb_cam)
[16.563s] Level 1:colcon.colcon_core.environment:create_environment_scripts_only(usb_cam)
[16.563s] Level 1:colcon.colcon_core.environment:checking '/src/usb_cam/install/usb_cam' for CMake module files
[16.564s] Level 1:colcon.colcon_core.environment:checking '/src/usb_cam/install/usb_cam' for CMake config files
[16.564s] Level 1:colcon.colcon_core.shell:create_environment_hook('usb_cam', 'cmake_prefix_path')
[16.564s] INFO:colcon.colcon_core.shell:Creating environment hook '/src/usb_cam/install/usb_cam/share/usb_cam/hook/cmake_prefix_path.ps1'
[16.565s] INFO:colcon.colcon_core.shell:Creating environment descriptor '/src/usb_cam/install/usb_cam/share/usb_cam/hook/cmake_prefix_path.dsv'
[16.565s] INFO:colcon.colcon_core.shell:Creating environment hook '/src/usb_cam/install/usb_cam/share/usb_cam/hook/cmake_prefix_path.sh'
[16.565s] Level 1:colcon.colcon_core.environment:checking '/src/usb_cam/install/usb_cam/lib'
[16.565s] Level 1:colcon.colcon_core.shell:create_environment_hook('usb_cam', 'ld_library_path_lib')
[16.565s] INFO:colcon.colcon_core.shell:Creating environment hook '/src/usb_cam/install/usb_cam/share/usb_cam/hook/ld_library_path_lib.ps1'
[16.566s] INFO:colcon.colcon_core.shell:Creating environment descriptor '/src/usb_cam/install/usb_cam/share/usb_cam/hook/ld_library_path_lib.dsv'
[16.566s] INFO:colcon.colcon_core.shell:Creating environment hook '/src/usb_cam/install/usb_cam/share/usb_cam/hook/ld_library_path_lib.sh'
[16.566s] Level 1:colcon.colcon_core.environment:checking '/src/usb_cam/install/usb_cam/bin'
[16.566s] Level 1:colcon.colcon_core.environment:checking '/src/usb_cam/install/usb_cam/lib/pkgconfig/usb_cam.pc'
[16.566s] Level 1:colcon.colcon_core.environment:checking '/src/usb_cam/install/usb_cam/lib/python3.10/site-packages'
[16.567s] Level 1:colcon.colcon_core.environment:checking '/src/usb_cam/install/usb_cam/bin'
[16.567s] INFO:colcon.colcon_core.shell:Creating package script '/src/usb_cam/install/usb_cam/share/usb_cam/package.ps1'
[16.568s] INFO:colcon.colcon_core.shell:Creating package descriptor '/src/usb_cam/install/usb_cam/share/usb_cam/package.dsv'
[16.568s] INFO:colcon.colcon_core.shell:Creating package script '/src/usb_cam/install/usb_cam/share/usb_cam/package.sh'
[16.568s] INFO:colcon.colcon_core.shell:Creating package script '/src/usb_cam/install/usb_cam/share/usb_cam/package.bash'
[16.568s] INFO:colcon.colcon_core.shell:Creating package script '/src/usb_cam/install/usb_cam/share/usb_cam/package.zsh'
[16.569s] Level 1:colcon.colcon_core.environment:create_file_with_runtime_dependencies(/src/usb_cam/install/usb_cam/share/colcon-core/packages/usb_cam)
[16.569s] DEBUG:colcon.colcon_parallel_executor.executor.parallel:closing loop
[16.569s] DEBUG:colcon.colcon_parallel_executor.executor.parallel:loop closed
[16.569s] DEBUG:colcon.colcon_parallel_executor.executor.parallel:run_until_complete finished with '0'
[16.569s] DEBUG:colcon.colcon_core.event_reactor:joining thread
[16.578s] INFO:colcon.colcon_core.plugin_system:Skipping extension 'colcon_notification.desktop_notification.notify_send': Could not find 'notify-send'
[16.579s] INFO:colcon.colcon_core.plugin_system:Skipping extension 'colcon_notification.desktop_notification.terminal_notifier': Not used on non-Darwin systems
[16.579s] INFO:colcon.colcon_core.plugin_system:Skipping extension 'colcon_notification.desktop_notification.win32': Not used on non-Windows systems
[16.579s] INFO:colcon.colcon_notification.desktop_notification:Sending desktop notification using 'notify2'
[16.579s] DEBUG:colcon.colcon_notification.desktop_notification.notify2:Failed to initialize notify2: org.freedesktop.DBus.Error.NotSupported: Unable to autolaunch a dbus-daemon without a $DISPLAY for X11
[16.579s] DEBUG:colcon.colcon_core.event_reactor:joined thread
[16.580s] INFO:colcon.colcon_core.shell:Creating prefix script '/src/usb_cam/install/local_setup.ps1'
[16.580s] INFO:colcon.colcon_core.shell:Creating prefix util module '/src/usb_cam/install/_local_setup_util_ps1.py'
[16.582s] INFO:colcon.colcon_core.shell:Creating prefix chain script '/src/usb_cam/install/setup.ps1'
[16.584s] INFO:colcon.colcon_core.shell:Creating prefix script '/src/usb_cam/install/local_setup.sh'
[16.585s] INFO:colcon.colcon_core.shell:Creating prefix util module '/src/usb_cam/install/_local_setup_util_sh.py'
[16.585s] INFO:colcon.colcon_core.shell:Creating prefix chain script '/src/usb_cam/install/setup.sh'
[16.587s] INFO:colcon.colcon_core.shell:Creating prefix script '/src/usb_cam/install/local_setup.bash'
[16.587s] INFO:colcon.colcon_core.shell:Creating prefix chain script '/src/usb_cam/install/setup.bash'
[16.589s] INFO:colcon.colcon_core.shell:Creating prefix script '/src/usb_cam/install/local_setup.zsh'
[16.589s] INFO:colcon.colcon_core.shell:Creating prefix chain script '/src/usb_cam/install/setup.zsh'
