[0.012s] Invoking command in '/src/usb_cam/build/usb_cam': CMAKE_PREFIX_PATH=${CMAKE_PREFIX_PATH}:/opt/ros/humble /usr/bin/cmake /src/usb_cam -DCMAKE_INSTALL_PREFIX=/src/usb_cam/install/usb_cam
[0.253s] -- The C compiler identification is GNU 11.4.0
[0.410s] -- The CXX compiler identification is GNU 11.4.0
[0.420s] -- Detecting C compiler ABI info
[0.518s] -- Detecting C compiler ABI info - done
[0.525s] -- Check for working C compiler: /usr/bin/cc - skipped
[0.526s] -- Detecting C compile features
[0.527s] -- Detecting C compile features - done
[0.532s] -- Detecting CXX compiler ABI info
[0.630s] -- Detecting CXX compiler ABI info - done
[0.640s] -- Check for working CXX compiler: /usr/bin/c++ - skipped
[0.640s] -- Detecting CXX compile features
[0.640s] -- Detecting CXX compile features - done
[0.649s] -- Found ament_cmake_auto: 1.3.9 (/opt/ros/humble/share/ament_cmake_auto/cmake)
[1.110s] -- Found Python3: /usr/bin/python3 (found version "3.10.12") found components: Interpreter 
[1.403s] -- Found rosidl_generator_c: 3.1.5 (/opt/ros/humble/share/rosidl_generator_c/cmake)
[1.412s] -- Found rosidl_adapter: 3.1.5 (/opt/ros/humble/share/rosidl_adapter/cmake)
[1.424s] -- Found rosidl_generator_cpp: 3.1.5 (/opt/ros/humble/share/rosidl_generator_cpp/cmake)
[1.452s] -- Using all available rosidl_typesupport_c: rosidl_typesupport_fastrtps_c;rosidl_typesupport_introspection_c
[1.478s] -- Using all available rosidl_typesupport_cpp: rosidl_typesupport_fastrtps_cpp;rosidl_typesupport_introspection_cpp
[1.579s] -- Found rmw_implementation_cmake: 6.1.2 (/opt/ros/humble/share/rmw_implementation_cmake/cmake)
[1.584s] -- Found rmw_cyclonedds_cpp: 1.3.4 (/opt/ros/humble/share/rmw_cyclonedds_cpp/cmake)
[1.632s] -- Using RMW implementation 'rmw_cyclonedds_cpp' as default
[1.650s] -- Looking for pthread.h
[1.741s] -- Looking for pthread.h - found
[1.742s] -- Performing Test CMAKE_HAVE_LIBC_PTHREAD
[1.828s] -- Performing Test CMAKE_HAVE_LIBC_PTHREAD - Success
[1.829s] -- Found Threads: TRUE  
[2.370s] [31mCMake Error at CMakeLists.txt:16 (find_package):
[2.371s]   By not providing "FindOpenCV.cmake" in CMAKE_MODULE_PATH this project has
[2.371s]   asked CMake to find a package configuration file provided by "OpenCV", but
[2.371s]   CMake did not find one.
[2.371s] 
[2.371s]   Could not find a package configuration file provided by "OpenCV" with any
[2.371s]   of the following names:
[2.371s] 
[2.371s]     OpenCVConfig.cmake
[2.371s]     opencv-config.cmake
[2.371s] 
[2.371s]   Add the installation prefix of "OpenCV" to CMAKE_PREFIX_PATH or set
[2.371s]   "OpenCV_DIR" to a directory containing one of the above files.  If "OpenCV"
[2.371s]   provides a separate development package or SDK, be sure it has been
[2.372s]   installed.
[2.372s] 
[2.372s] [0m
[2.372s] -- Configuring incomplete, errors occurred!
[2.372s] See also "/src/usb_cam/build/usb_cam/CMakeFiles/CMakeOutput.log".
[2.383s] Invoked command in '/src/usb_cam/build/usb_cam' returned '1': CMAKE_PREFIX_PATH=${CMAKE_PREFIX_PATH}:/opt/ros/humble /usr/bin/cmake /src/usb_cam -DCMAKE_INSTALL_PREFIX=/src/usb_cam/install/usb_cam
